This file contains any messages produced by compilers while
running configure, to aid debugging if configure makes a mistake.

It was created by configure, which was
generated by GNU Autoconf 2.63.  Invocation command line was

  $ /root/mydev/hadoop-1.0.3.16/src/native/configure 

## --------- ##
## Platform. ##
## --------- ##

hostname = dn-177
uname -m = i86pc
uname -r = 5.11
uname -s = SunOS
uname -v = ffabcc210746

/usr/bin/uname -p = i386
/bin/uname -X     = System = SunOS
Node = dn-177
Release = 5.11
KernelID = ffabcc210746
Machine = i86pc
BusType = <unknown>
Serial = <unknown>
Users = <unknown>
OEM# = 0
Origin# = 1
NumCPU = 1

/bin/arch              = i86pc
/usr/bin/arch -k       = i86pc
/usr/convex/getsysinfo = unknown
/usr/bin/hostinfo      = unknown
/bin/machine           = unknown
/usr/bin/oslevel       = unknown
/bin/universe          = unknown

PATH: /usr/java/bin
PATH: /root/mybin/apache-maven-3.0.4/bin
PATH: /usr/gnu/bin
PATH: /usr/bin
PATH: /sbin
PATH: /usr/sbin
PATH: /usr/local/bin
PATH: /usr/local/sbin


## ----------- ##
## Core tests. ##
## ----------- ##

configure:2108: checking for gcc
configure:2124: found /usr/bin/gcc
configure:2135: result: gcc
configure:2367: checking for C compiler version
configure:2375: gcc --version >&5
gcc (GCC) 3.4.3 (csl-sol210-3_4-20050802)
Copyright (C) 2004 Free Software Foundation, Inc.
This is free software; see the source for copying conditions.  There is NO
warranty; not even for MERCHANTABILITY or FITNESS FOR A PARTICULAR PURPOSE.

configure:2379: $? = 0
configure:2386: gcc -v >&5
Reading specs from /usr/sfw/lib/gcc/i386-pc-solaris2.11/3.4.3/specs
Configured with: /myshare/builds/dilos-userland/dilos-userland-review/components/gcc3/gcc-3.4.3/configure --prefix=/usr/sfw --mandir=/usr/sfw/share/man --infodir=/usr/sfw/share/info --without-gnu-ld --with-ld=/usr/bin/ld --enable-languages=c,c++,f77,objc --enable-shared --with-gnu-as --with-as=/usr/gnu/bin/as
Thread model: posix
gcc version 3.4.3 (csl-sol210-3_4-20050802)
configure:2390: $? = 0
configure:2397: gcc -V >&5
gcc: `-V' option must have argument
configure:2401: $? = 1
configure:2424: checking for C compiler default output file name
configure:2446: gcc    conftest.c  >&5
configure:2450: $? = 0
configure:2488: result: a.out
configure:2507: checking whether the C compiler works
configure:2517: ./a.out
configure:2521: $? = 0
configure:2540: result: yes
configure:2547: checking whether we are cross compiling
configure:2549: result: no
configure:2552: checking for suffix of executables
configure:2559: gcc -o conftest    conftest.c  >&5
configure:2563: $? = 0
configure:2589: result: 
configure:2595: checking for suffix of object files
configure:2621: gcc -c   conftest.c >&5
configure:2625: $? = 0
configure:2650: result: o
configure:2654: checking whether we are using the GNU C compiler
configure:2683: gcc -c   conftest.c >&5
configure:2690: $? = 0
configure:2707: result: yes
configure:2716: checking whether gcc accepts -g
configure:2746: gcc -c -g  conftest.c >&5
configure:2753: $? = 0
configure:2854: result: yes
configure:2871: checking for gcc option to accept ISO C89
configure:2945: gcc  -c -g -O2  conftest.c >&5
configure:2952: $? = 0
configure:2975: result: none needed
configure:3001: checking for special C compiler options needed for large files
configure:3096: result: no
configure:3102: checking for _FILE_OFFSET_BITS value needed for large files
configure:3137: gcc -c -g -O2  conftest.c >&5
conftest.c:14: warning: left shift count >= width of type
conftest.c:14: warning: left shift count >= width of type
conftest.c:16: error: size of array `off_t_is_large' is negative
configure:3144: $? = 1
configure: failed program was:
| /* confdefs.h.  */
| #define PACKAGE_NAME ""
| #define PACKAGE_TARNAME ""
| #define PACKAGE_VERSION ""
| #define PACKAGE_STRING ""
| #define PACKAGE_BUGREPORT ""
| /* end confdefs.h.  */
| #include <sys/types.h>
|  /* Check that off_t can represent 2**63 - 1 correctly.
|     We can't simply define LARGE_OFF_T to be 9223372036854775807,
|     since some C++ compilers masquerading as C compilers
|     incorrectly reject 9223372036854775807.  */
| #define LARGE_OFF_T (((off_t) 1 << 62) - 1 + ((off_t) 1 << 62))
|   int off_t_is_large[(LARGE_OFF_T % 2147483629 == 721
| 		       && LARGE_OFF_T % 2147483647 == 1)
| 		      ? 1 : -1];
| int
| main ()
| {
| 
|   ;
|   return 0;
| }
configure:3188: gcc -c -g -O2  conftest.c >&5
configure:3195: $? = 0
configure:3213: result: 64
configure:3355: checking how to run the C preprocessor
configure:3395: gcc -E  conftest.c
configure:3402: $? = 0
configure:3433: gcc -E  conftest.c
conftest.c:9:28: ac_nonexistent.h: No such file or directory
configure:3440: $? = 1
configure: failed program was:
| /* confdefs.h.  */
| #define PACKAGE_NAME ""
| #define PACKAGE_TARNAME ""
| #define PACKAGE_VERSION ""
| #define PACKAGE_STRING ""
| #define PACKAGE_BUGREPORT ""
| #define _FILE_OFFSET_BITS 64
| /* end confdefs.h.  */
| #include <ac_nonexistent.h>
configure:3473: result: gcc -E
configure:3502: gcc -E  conftest.c
configure:3509: $? = 0
configure:3540: gcc -E  conftest.c
conftest.c:9:28: ac_nonexistent.h: No such file or directory
configure:3547: $? = 1
configure: failed program was:
| /* confdefs.h.  */
| #define PACKAGE_NAME ""
| #define PACKAGE_TARNAME ""
| #define PACKAGE_VERSION ""
| #define PACKAGE_STRING ""
| #define PACKAGE_BUGREPORT ""
| #define _FILE_OFFSET_BITS 64
| /* end confdefs.h.  */
| #include <ac_nonexistent.h>
configure:3587: checking for grep that handles long lines and -e
configure:3647: result: /usr/gnu/bin/grep
configure:3652: checking for egrep
configure:3716: result: /usr/gnu/bin/grep -E
configure:3721: checking for ANSI C header files
configure:3751: gcc -c -g -O2  conftest.c >&5
configure:3758: $? = 0
configure:3857: gcc -o conftest -g -O2   conftest.c  >&5
configure:3861: $? = 0
configure:3867: ./conftest
configure:3871: $? = 0
configure:3889: result: yes
configure:3913: checking for sys/types.h
configure:3934: gcc -c -g -O2  conftest.c >&5
configure:3941: $? = 0
configure:3958: result: yes
configure:3913: checking for sys/stat.h
configure:3934: gcc -c -g -O2  conftest.c >&5
configure:3941: $? = 0
configure:3958: result: yes
configure:3913: checking for stdlib.h
configure:3934: gcc -c -g -O2  conftest.c >&5
configure:3941: $? = 0
configure:3958: result: yes
configure:3913: checking for string.h
configure:3934: gcc -c -g -O2  conftest.c >&5
configure:3941: $? = 0
configure:3958: result: yes
configure:3913: checking for memory.h
configure:3934: gcc -c -g -O2  conftest.c >&5
configure:3941: $? = 0
configure:3958: result: yes
configure:3913: checking for strings.h
configure:3934: gcc -c -g -O2  conftest.c >&5
configure:3941: $? = 0
configure:3958: result: yes
configure:3913: checking for inttypes.h
configure:3934: gcc -c -g -O2  conftest.c >&5
configure:3941: $? = 0
configure:3958: result: yes
configure:3913: checking for stdint.h
configure:3934: gcc -c -g -O2  conftest.c >&5
configure:3941: $? = 0
configure:3958: result: yes
configure:3913: checking for unistd.h
configure:3934: gcc -c -g -O2  conftest.c >&5
configure:3941: $? = 0
configure:3958: result: yes
configure:3983: checking minix/config.h usability
configure:4000: gcc -c -g -O2  conftest.c >&5
conftest.c:52:26: minix/config.h: No such file or directory
configure:4007: $? = 1
configure: failed program was:
| /* confdefs.h.  */
| #define PACKAGE_NAME ""
| #define PACKAGE_TARNAME ""
| #define PACKAGE_VERSION ""
| #define PACKAGE_STRING ""
| #define PACKAGE_BUGREPORT ""
| #define _FILE_OFFSET_BITS 64
| #define STDC_HEADERS 1
| #define HAVE_SYS_TYPES_H 1
| #define HAVE_SYS_STAT_H 1
| #define HAVE_STDLIB_H 1
| #define HAVE_STRING_H 1
| #define HAVE_MEMORY_H 1
| #define HAVE_STRINGS_H 1
| #define HAVE_INTTYPES_H 1
| #define HAVE_STDINT_H 1
| #define HAVE_UNISTD_H 1
| /* end confdefs.h.  */
| #include <stdio.h>
| #ifdef HAVE_SYS_TYPES_H
| # include <sys/types.h>
| #endif
| #ifdef HAVE_SYS_STAT_H
| # include <sys/stat.h>
| #endif
| #ifdef STDC_HEADERS
| # include <stdlib.h>
| # include <stddef.h>
| #else
| # ifdef HAVE_STDLIB_H
| #  include <stdlib.h>
| # endif
| #endif
| #ifdef HAVE_STRING_H
| # if !defined STDC_HEADERS && defined HAVE_MEMORY_H
| #  include <memory.h>
| # endif
| # include <string.h>
| #endif
| #ifdef HAVE_STRINGS_H
| # include <strings.h>
| #endif
| #ifdef HAVE_INTTYPES_H
| # include <inttypes.h>
| #endif
| #ifdef HAVE_STDINT_H
| # include <stdint.h>
| #endif
| #ifdef HAVE_UNISTD_H
| # include <unistd.h>
| #endif
| #include <minix/config.h>
configure:4021: result: no
configure:4025: checking minix/config.h presence
configure:4040: gcc -E  conftest.c
conftest.c:19:26: minix/config.h: No such file or directory
configure:4047: $? = 1
configure: failed program was:
| /* confdefs.h.  */
| #define PACKAGE_NAME ""
| #define PACKAGE_TARNAME ""
| #define PACKAGE_VERSION ""
| #define PACKAGE_STRING ""
| #define PACKAGE_BUGREPORT ""
| #define _FILE_OFFSET_BITS 64
| #define STDC_HEADERS 1
| #define HAVE_SYS_TYPES_H 1
| #define HAVE_SYS_STAT_H 1
| #define HAVE_STDLIB_H 1
| #define HAVE_STRING_H 1
| #define HAVE_MEMORY_H 1
| #define HAVE_STRINGS_H 1
| #define HAVE_INTTYPES_H 1
| #define HAVE_STDINT_H 1
| #define HAVE_UNISTD_H 1
| /* end confdefs.h.  */
| #include <minix/config.h>
configure:4061: result: no
configure:4089: checking for minix/config.h
configure:4096: result: no
configure:4127: checking whether it is safe to define __EXTENSIONS__
configure:4155: gcc -c -g -O2  conftest.c >&5
configure:4162: $? = 0
configure:4177: result: yes
configure:4218: checking for a BSD-compatible install
configure:4286: result: /usr/gnu/bin/install -c
configure:4297: checking whether build environment is sane
configure:4340: result: yes
configure:4365: checking for a thread-safe mkdir -p
configure:4404: result: /usr/gnu/bin/mkdir -p
configure:4417: checking for gawk
configure:4433: found /usr/bin/gawk
configure:4444: result: gawk
configure:4455: checking whether make sets $(MAKE)
configure:4477: result: yes
configure:4507: checking for style of include used by make
configure:4535: result: GNU
configure:4563: error: source directory already configured; run "make distclean" there first

## ---------------- ##
## Cache variables. ##
## ---------------- ##

ac_cv_c_compiler_gnu=yes
ac_cv_env_CCC_set=''
ac_cv_env_CCC_value=''
ac_cv_env_CC_set=''
ac_cv_env_CC_value=''
ac_cv_env_CFLAGS_set=''
ac_cv_env_CFLAGS_value=''
ac_cv_env_CPPFLAGS_set=''
ac_cv_env_CPPFLAGS_value=''
ac_cv_env_CPP_set=''
ac_cv_env_CPP_value=''
ac_cv_env_CXXCPP_set=''
ac_cv_env_CXXCPP_value=''
ac_cv_env_CXXFLAGS_set=''
ac_cv_env_CXXFLAGS_value=''
ac_cv_env_CXX_set=''
ac_cv_env_CXX_value=''
ac_cv_env_F77_set=''
ac_cv_env_F77_value=''
ac_cv_env_FFLAGS_set=''
ac_cv_env_FFLAGS_value=''
ac_cv_env_LDFLAGS_set=''
ac_cv_env_LDFLAGS_value=''
ac_cv_env_LIBS_set=''
ac_cv_env_LIBS_value=''
ac_cv_env_build_alias_set=''
ac_cv_env_build_alias_value=''
ac_cv_env_host_alias_set=''
ac_cv_env_host_alias_value=''
ac_cv_env_target_alias_set=''
ac_cv_env_target_alias_value=''
ac_cv_header_inttypes_h=yes
ac_cv_header_memory_h=yes
ac_cv_header_minix_config_h=no
ac_cv_header_stdc=yes
ac_cv_header_stdint_h=yes
ac_cv_header_stdlib_h=yes
ac_cv_header_string_h=yes
ac_cv_header_strings_h=yes
ac_cv_header_sys_stat_h=yes
ac_cv_header_sys_types_h=yes
ac_cv_header_unistd_h=yes
ac_cv_objext=o
ac_cv_path_EGREP='/usr/gnu/bin/grep -E'
ac_cv_path_GREP=/usr/gnu/bin/grep
ac_cv_path_install='/usr/gnu/bin/install -c'
ac_cv_path_mkdir=/usr/gnu/bin/mkdir
ac_cv_prog_AWK=gawk
ac_cv_prog_CPP='gcc -E'
ac_cv_prog_ac_ct_CC=gcc
ac_cv_prog_cc_c89=''
ac_cv_prog_cc_g=yes
ac_cv_prog_make_make_set=yes
ac_cv_safe_to_define___extensions__=yes
ac_cv_sys_file_offset_bits=64
ac_cv_sys_largefile_CC=no

## ----------------- ##
## Output variables. ##
## ----------------- ##

ACLOCAL=''
AMDEPBACKSLASH='\'
AMDEP_FALSE='#'
AMDEP_TRUE=''
AMTAR=''
AR=''
AUTOCONF=''
AUTOHEADER=''
AUTOMAKE=''
AWK='gawk'
CC='gcc'
CCDEPMODE=''
CFLAGS='-g -O2'
CPP='gcc -E'
CPPFLAGS=''
CXX=''
CXXCPP=''
CXXDEPMODE=''
CXXFLAGS=''
CYGPATH_W=''
DEFS=''
DEPDIR='.deps'
ECHO='/usr/gnu/bin/echo'
ECHO_C='\c'
ECHO_N=''
ECHO_T=''
EGREP='/usr/gnu/bin/grep -E'
EXEEXT=''
F77=''
FFLAGS=''
GREP='/usr/gnu/bin/grep'
INSTALL_DATA='${INSTALL} -m 644'
INSTALL_PROGRAM='${INSTALL}'
INSTALL_SCRIPT='${INSTALL}'
INSTALL_STRIP_PROGRAM=''
JNI_CPPFLAGS=''
JNI_LDFLAGS=''
LDFLAGS=''
LIBOBJS=''
LIBS=''
LIBTOOL=''
LN_S=''
LTLIBOBJS=''
MAKEINFO=''
MKDIR_P='/usr/gnu/bin/mkdir -p'
OBJEXT='o'
PACKAGE=''
PACKAGE_BUGREPORT=''
PACKAGE_NAME=''
PACKAGE_STRING=''
PACKAGE_TARNAME=''
PACKAGE_VERSION=''
PATH_SEPARATOR=':'
RANLIB=''
SET_MAKE=''
SHELL='/bin/sh'
STRIP=''
VERSION=''
ac_ct_CC='gcc'
ac_ct_CXX=''
ac_ct_F77=''
am__fastdepCC_FALSE=''
am__fastdepCC_TRUE=''
am__fastdepCXX_FALSE=''
am__fastdepCXX_TRUE=''
am__include='include'
am__isrc=' -I$(srcdir)'
am__leading_dot='.'
am__quote=''
am__tar=''
am__untar=''
bindir='${exec_prefix}/bin'
build=''
build_alias=''
build_cpu=''
build_os=''
build_vendor=''
datadir='${datarootdir}'
datarootdir='${prefix}/share'
docdir='${datarootdir}/doc/${PACKAGE}'
dvidir='${docdir}'
exec_prefix='NONE'
host=''
host_alias=''
host_cpu=''
host_os=''
host_vendor=''
htmldir='${docdir}'
includedir='${prefix}/include'
infodir='${datarootdir}/info'
install_sh=''
libdir='${exec_prefix}/lib'
libexecdir='${exec_prefix}/libexec'
localedir='${datarootdir}/locale'
localstatedir='${prefix}/var'
mandir='${datarootdir}/man'
mkdir_p='/usr/gnu/bin/mkdir -p'
oldincludedir='/usr/include'
pdfdir='${docdir}'
prefix='NONE'
program_transform_name='s,x,x,'
psdir='${docdir}'
sbindir='${exec_prefix}/sbin'
sharedstatedir='${prefix}/com'
sysconfdir='${prefix}/etc'
target_alias=''

## ----------- ##
## confdefs.h. ##
## ----------- ##

#define PACKAGE_NAME ""
#define PACKAGE_TARNAME ""
#define PACKAGE_VERSION ""
#define PACKAGE_STRING ""
#define PACKAGE_BUGREPORT ""
#define _FILE_OFFSET_BITS 64
#define STDC_HEADERS 1
#define HAVE_SYS_TYPES_H 1
#define HAVE_SYS_STAT_H 1
#define HAVE_STDLIB_H 1
#define HAVE_STRING_H 1
#define HAVE_MEMORY_H 1
#define HAVE_STRINGS_H 1
#define HAVE_INTTYPES_H 1
#define HAVE_STDINT_H 1
#define HAVE_UNISTD_H 1
#define __EXTENSIONS__ 1
#define _ALL_SOURCE 1
#define _GNU_SOURCE 1
#define _POSIX_PTHREAD_SEMANTICS 1
#define _TANDEM_SOURCE 1

configure: exit 1
