This file contains any messages produced by compilers while
running configure, to aid debugging if configure makes a mistake.

It was created by configure, which was
generated by GNU Autoconf 2.63.  Invocation command line was

  $ ./configure 

## --------- ##
## Platform. ##
## --------- ##

hostname = dn-177
uname -m = i86pc
uname -r = 5.11
uname -s = SunOS
uname -v = ffabcc210746

/usr/bin/uname -p = i386
/bin/uname -X     = System = SunOS
Node = dn-177
Release = 5.11
KernelID = ffabcc210746
Machine = i86pc
BusType = <unknown>
Serial = <unknown>
Users = <unknown>
OEM# = 0
Origin# = 1
NumCPU = 1

/bin/arch              = i86pc
/usr/bin/arch -k       = i86pc
/usr/convex/getsysinfo = unknown
/usr/bin/hostinfo      = unknown
/bin/machine           = unknown
/usr/bin/oslevel       = unknown
/bin/universe          = unknown

PATH: /usr/java/bin
PATH: /root/mybin/apache-maven-3.0.4/bin
PATH: /usr/gnu/bin
PATH: /usr/bin
PATH: /sbin
PATH: /usr/sbin
PATH: /usr/local/bin
PATH: /usr/local/sbin


## ----------- ##
## Core tests. ##
## ----------- ##

configure:2108: checking for gcc
configure:2124: found /usr/bin/gcc
configure:2135: result: gcc
configure:2367: checking for C compiler version
configure:2375: gcc --version >&5
gcc (GCC) 3.4.3 (csl-sol210-3_4-20050802)
Copyright (C) 2004 Free Software Foundation, Inc.
This is free software; see the source for copying conditions.  There is NO
warranty; not even for MERCHANTABILITY or FITNESS FOR A PARTICULAR PURPOSE.

configure:2379: $? = 0
configure:2386: gcc -v >&5
Reading specs from /usr/sfw/lib/gcc/i386-pc-solaris2.11/3.4.3/specs
Configured with: /myshare/builds/dilos-userland/dilos-userland-review/components/gcc3/gcc-3.4.3/configure --prefix=/usr/sfw --mandir=/usr/sfw/share/man --infodir=/usr/sfw/share/info --without-gnu-ld --with-ld=/usr/bin/ld --enable-languages=c,c++,f77,objc --enable-shared --with-gnu-as --with-as=/usr/gnu/bin/as
Thread model: posix
gcc version 3.4.3 (csl-sol210-3_4-20050802)
configure:2390: $? = 0
configure:2397: gcc -V >&5
gcc: `-V' option must have argument
configure:2401: $? = 1
configure:2424: checking for C compiler default output file name
configure:2446: gcc    conftest.c  >&5
configure:2450: $? = 0
configure:2488: result: a.out
configure:2507: checking whether the C compiler works
configure:2517: ./a.out
configure:2521: $? = 0
configure:2540: result: yes
configure:2547: checking whether we are cross compiling
configure:2549: result: no
configure:2552: checking for suffix of executables
configure:2559: gcc -o conftest    conftest.c  >&5
configure:2563: $? = 0
configure:2589: result: 
configure:2595: checking for suffix of object files
configure:2621: gcc -c   conftest.c >&5
configure:2625: $? = 0
configure:2650: result: o
configure:2654: checking whether we are using the GNU C compiler
configure:2683: gcc -c   conftest.c >&5
configure:2690: $? = 0
configure:2707: result: yes
configure:2716: checking whether gcc accepts -g
configure:2746: gcc -c -g  conftest.c >&5
configure:2753: $? = 0
configure:2854: result: yes
configure:2871: checking for gcc option to accept ISO C89
configure:2945: gcc  -c -g -O2  conftest.c >&5
configure:2952: $? = 0
configure:2975: result: none needed
configure:3001: checking for special C compiler options needed for large files
configure:3096: result: no
configure:3102: checking for _FILE_OFFSET_BITS value needed for large files
configure:3137: gcc -c -g -O2  conftest.c >&5
conftest.c:14: warning: left shift count >= width of type
conftest.c:14: warning: left shift count >= width of type
conftest.c:16: error: size of array `off_t_is_large' is negative
configure:3144: $? = 1
configure: failed program was:
| /* confdefs.h.  */
| #define PACKAGE_NAME ""
| #define PACKAGE_TARNAME ""
| #define PACKAGE_VERSION ""
| #define PACKAGE_STRING ""
| #define PACKAGE_BUGREPORT ""
| /* end confdefs.h.  */
| #include <sys/types.h>
|  /* Check that off_t can represent 2**63 - 1 correctly.
|     We can't simply define LARGE_OFF_T to be 9223372036854775807,
|     since some C++ compilers masquerading as C compilers
|     incorrectly reject 9223372036854775807.  */
| #define LARGE_OFF_T (((off_t) 1 << 62) - 1 + ((off_t) 1 << 62))
|   int off_t_is_large[(LARGE_OFF_T % 2147483629 == 721
| 		       && LARGE_OFF_T % 2147483647 == 1)
| 		      ? 1 : -1];
| int
| main ()
| {
| 
|   ;
|   return 0;
| }
configure:3188: gcc -c -g -O2  conftest.c >&5
configure:3195: $? = 0
configure:3213: result: 64
configure:3355: checking how to run the C preprocessor
configure:3395: gcc -E  conftest.c
configure:3402: $? = 0
configure:3433: gcc -E  conftest.c
conftest.c:9:28: ac_nonexistent.h: No such file or directory
configure:3440: $? = 1
configure: failed program was:
| /* confdefs.h.  */
| #define PACKAGE_NAME ""
| #define PACKAGE_TARNAME ""
| #define PACKAGE_VERSION ""
| #define PACKAGE_STRING ""
| #define PACKAGE_BUGREPORT ""
| #define _FILE_OFFSET_BITS 64
| /* end confdefs.h.  */
| #include <ac_nonexistent.h>
configure:3473: result: gcc -E
configure:3502: gcc -E  conftest.c
configure:3509: $? = 0
configure:3540: gcc -E  conftest.c
conftest.c:9:28: ac_nonexistent.h: No such file or directory
configure:3547: $? = 1
configure: failed program was:
| /* confdefs.h.  */
| #define PACKAGE_NAME ""
| #define PACKAGE_TARNAME ""
| #define PACKAGE_VERSION ""
| #define PACKAGE_STRING ""
| #define PACKAGE_BUGREPORT ""
| #define _FILE_OFFSET_BITS 64
| /* end confdefs.h.  */
| #include <ac_nonexistent.h>
configure:3587: checking for grep that handles long lines and -e
configure:3647: result: /usr/gnu/bin/grep
configure:3652: checking for egrep
configure:3716: result: /usr/gnu/bin/grep -E
configure:3721: checking for ANSI C header files
configure:3751: gcc -c -g -O2  conftest.c >&5
configure:3758: $? = 0
configure:3857: gcc -o conftest -g -O2   conftest.c  >&5
configure:3861: $? = 0
configure:3867: ./conftest
configure:3871: $? = 0
configure:3889: result: yes
configure:3913: checking for sys/types.h
configure:3934: gcc -c -g -O2  conftest.c >&5
configure:3941: $? = 0
configure:3958: result: yes
configure:3913: checking for sys/stat.h
configure:3934: gcc -c -g -O2  conftest.c >&5
configure:3941: $? = 0
configure:3958: result: yes
configure:3913: checking for stdlib.h
configure:3934: gcc -c -g -O2  conftest.c >&5
configure:3941: $? = 0
configure:3958: result: yes
configure:3913: checking for string.h
configure:3934: gcc -c -g -O2  conftest.c >&5
configure:3941: $? = 0
configure:3958: result: yes
configure:3913: checking for memory.h
configure:3934: gcc -c -g -O2  conftest.c >&5
configure:3941: $? = 0
configure:3958: result: yes
configure:3913: checking for strings.h
configure:3934: gcc -c -g -O2  conftest.c >&5
configure:3941: $? = 0
configure:3958: result: yes
configure:3913: checking for inttypes.h
configure:3934: gcc -c -g -O2  conftest.c >&5
configure:3941: $? = 0
configure:3958: result: yes
configure:3913: checking for stdint.h
configure:3934: gcc -c -g -O2  conftest.c >&5
configure:3941: $? = 0
configure:3958: result: yes
configure:3913: checking for unistd.h
configure:3934: gcc -c -g -O2  conftest.c >&5
configure:3941: $? = 0
configure:3958: result: yes
configure:3983: checking minix/config.h usability
configure:4000: gcc -c -g -O2  conftest.c >&5
conftest.c:52:26: minix/config.h: No such file or directory
configure:4007: $? = 1
configure: failed program was:
| /* confdefs.h.  */
| #define PACKAGE_NAME ""
| #define PACKAGE_TARNAME ""
| #define PACKAGE_VERSION ""
| #define PACKAGE_STRING ""
| #define PACKAGE_BUGREPORT ""
| #define _FILE_OFFSET_BITS 64
| #define STDC_HEADERS 1
| #define HAVE_SYS_TYPES_H 1
| #define HAVE_SYS_STAT_H 1
| #define HAVE_STDLIB_H 1
| #define HAVE_STRING_H 1
| #define HAVE_MEMORY_H 1
| #define HAVE_STRINGS_H 1
| #define HAVE_INTTYPES_H 1
| #define HAVE_STDINT_H 1
| #define HAVE_UNISTD_H 1
| /* end confdefs.h.  */
| #include <stdio.h>
| #ifdef HAVE_SYS_TYPES_H
| # include <sys/types.h>
| #endif
| #ifdef HAVE_SYS_STAT_H
| # include <sys/stat.h>
| #endif
| #ifdef STDC_HEADERS
| # include <stdlib.h>
| # include <stddef.h>
| #else
| # ifdef HAVE_STDLIB_H
| #  include <stdlib.h>
| # endif
| #endif
| #ifdef HAVE_STRING_H
| # if !defined STDC_HEADERS && defined HAVE_MEMORY_H
| #  include <memory.h>
| # endif
| # include <string.h>
| #endif
| #ifdef HAVE_STRINGS_H
| # include <strings.h>
| #endif
| #ifdef HAVE_INTTYPES_H
| # include <inttypes.h>
| #endif
| #ifdef HAVE_STDINT_H
| # include <stdint.h>
| #endif
| #ifdef HAVE_UNISTD_H
| # include <unistd.h>
| #endif
| #include <minix/config.h>
configure:4021: result: no
configure:4025: checking minix/config.h presence
configure:4040: gcc -E  conftest.c
conftest.c:19:26: minix/config.h: No such file or directory
configure:4047: $? = 1
configure: failed program was:
| /* confdefs.h.  */
| #define PACKAGE_NAME ""
| #define PACKAGE_TARNAME ""
| #define PACKAGE_VERSION ""
| #define PACKAGE_STRING ""
| #define PACKAGE_BUGREPORT ""
| #define _FILE_OFFSET_BITS 64
| #define STDC_HEADERS 1
| #define HAVE_SYS_TYPES_H 1
| #define HAVE_SYS_STAT_H 1
| #define HAVE_STDLIB_H 1
| #define HAVE_STRING_H 1
| #define HAVE_MEMORY_H 1
| #define HAVE_STRINGS_H 1
| #define HAVE_INTTYPES_H 1
| #define HAVE_STDINT_H 1
| #define HAVE_UNISTD_H 1
| /* end confdefs.h.  */
| #include <minix/config.h>
configure:4061: result: no
configure:4089: checking for minix/config.h
configure:4096: result: no
configure:4127: checking whether it is safe to define __EXTENSIONS__
configure:4155: gcc -c -g -O2  conftest.c >&5
configure:4162: $? = 0
configure:4177: result: yes
configure:4218: checking for a BSD-compatible install
configure:4286: result: /usr/gnu/bin/install -c
configure:4297: checking whether build environment is sane
configure:4340: result: yes
configure:4365: checking for a thread-safe mkdir -p
configure:4404: result: /usr/gnu/bin/mkdir -p
configure:4417: checking for gawk
configure:4433: found /usr/bin/gawk
configure:4444: result: gawk
configure:4455: checking whether make sets $(MAKE)
configure:4477: result: yes
configure:4507: checking for style of include used by make
configure:4535: result: GNU
configure:4724: checking dependency style of gcc
configure:4815: result: gcc3
configure:4881: checking for gcc
configure:4908: result: gcc
configure:5140: checking for C compiler version
configure:5148: gcc --version >&5
gcc (GCC) 3.4.3 (csl-sol210-3_4-20050802)
Copyright (C) 2004 Free Software Foundation, Inc.
This is free software; see the source for copying conditions.  There is NO
warranty; not even for MERCHANTABILITY or FITNESS FOR A PARTICULAR PURPOSE.

configure:5152: $? = 0
configure:5159: gcc -v >&5
Reading specs from /usr/sfw/lib/gcc/i386-pc-solaris2.11/3.4.3/specs
Configured with: /myshare/builds/dilos-userland/dilos-userland-review/components/gcc3/gcc-3.4.3/configure --prefix=/usr/sfw --mandir=/usr/sfw/share/man --infodir=/usr/sfw/share/info --without-gnu-ld --with-ld=/usr/bin/ld --enable-languages=c,c++,f77,objc --enable-shared --with-gnu-as --with-as=/usr/gnu/bin/as
Thread model: posix
gcc version 3.4.3 (csl-sol210-3_4-20050802)
configure:5163: $? = 0
configure:5170: gcc -V >&5
gcc: `-V' option must have argument
configure:5174: $? = 1
configure:5177: checking whether we are using the GNU C compiler
configure:5230: result: yes
configure:5239: checking whether gcc accepts -g
configure:5377: result: yes
configure:5394: checking for gcc option to accept ISO C89
configure:5498: result: none needed
configure:5594: checking build system type
configure:5612: result: i386-pc-solaris2.11
configure:5634: checking host system type
configure:5649: result: i386-pc-solaris2.11
configure:5671: checking for a sed that does not truncate output
configure:5725: result: /usr/gnu/bin/sed
configure:5739: checking for ld used by gcc
configure:5806: result: /usr/bin/ld
configure:5815: checking if the linker (/usr/bin/ld) is GNU ld
configure:5830: result: no
configure:5835: checking for /usr/bin/ld option to reload object files
configure:5842: result: -r
configure:5860: checking for BSD-compatible nm
configure:5909: result: /usr/gnu/bin/nm -B
configure:5913: checking whether ln -s works
configure:5917: result: yes
configure:5924: checking how to recognise dependent libraries
configure:6100: result: pass_all
configure:6348: checking dlfcn.h usability
configure:6365: gcc -c -g -O2  conftest.c >&5
configure:6372: $? = 0
configure:6386: result: yes
configure:6390: checking dlfcn.h presence
configure:6405: gcc -E  conftest.c
configure:6412: $? = 0
configure:6426: result: yes
configure:6454: checking for dlfcn.h
configure:6463: result: yes
configure:6536: checking for g++
configure:6552: found /usr/bin/g++
configure:6563: result: g++
configure:6590: checking for C++ compiler version
configure:6598: g++ --version >&5
g++ (GCC) 3.4.3 (csl-sol210-3_4-20050802)
Copyright (C) 2004 Free Software Foundation, Inc.
This is free software; see the source for copying conditions.  There is NO
warranty; not even for MERCHANTABILITY or FITNESS FOR A PARTICULAR PURPOSE.

configure:6602: $? = 0
configure:6609: g++ -v >&5
Reading specs from /usr/sfw/lib/gcc/i386-pc-solaris2.11/3.4.3/specs
Configured with: /myshare/builds/dilos-userland/dilos-userland-review/components/gcc3/gcc-3.4.3/configure --prefix=/usr/sfw --mandir=/usr/sfw/share/man --infodir=/usr/sfw/share/info --without-gnu-ld --with-ld=/usr/bin/ld --enable-languages=c,c++,f77,objc --enable-shared --with-gnu-as --with-as=/usr/gnu/bin/as
Thread model: posix
gcc version 3.4.3 (csl-sol210-3_4-20050802)
configure:6613: $? = 0
configure:6620: g++ -V >&5
g++: `-V' option must have argument
configure:6624: $? = 1
configure:6627: checking whether we are using the GNU C++ compiler
configure:6656: g++ -c   conftest.cpp >&5
configure:6663: $? = 0
configure:6680: result: yes
configure:6689: checking whether g++ accepts -g
configure:6719: g++ -c -g  conftest.cpp >&5
configure:6726: $? = 0
configure:6827: result: yes
configure:6852: checking dependency style of g++
configure:6943: result: gcc3
configure:6968: checking how to run the C++ preprocessor
configure:7004: g++ -E  conftest.cpp
configure:7011: $? = 0
configure:7042: g++ -E  conftest.cpp
conftest.cpp:27:28: ac_nonexistent.h: No such file or directory
configure:7049: $? = 1
configure: failed program was:
| /* confdefs.h.  */
| #define PACKAGE_NAME ""
| #define PACKAGE_TARNAME ""
| #define PACKAGE_VERSION ""
| #define PACKAGE_STRING ""
| #define PACKAGE_BUGREPORT ""
| #define _FILE_OFFSET_BITS 64
| #define STDC_HEADERS 1
| #define HAVE_SYS_TYPES_H 1
| #define HAVE_SYS_STAT_H 1
| #define HAVE_STDLIB_H 1
| #define HAVE_STRING_H 1
| #define HAVE_MEMORY_H 1
| #define HAVE_STRINGS_H 1
| #define HAVE_INTTYPES_H 1
| #define HAVE_STDINT_H 1
| #define HAVE_UNISTD_H 1
| #define __EXTENSIONS__ 1
| #define _ALL_SOURCE 1
| #define _GNU_SOURCE 1
| #define _POSIX_PTHREAD_SEMANTICS 1
| #define _TANDEM_SOURCE 1
| #define PACKAGE "hadoop"
| #define VERSION "1.0.0"
| #define HAVE_DLFCN_H 1
| /* end confdefs.h.  */
| #include <ac_nonexistent.h>
configure:7082: result: g++ -E
configure:7111: g++ -E  conftest.cpp
configure:7118: $? = 0
configure:7149: g++ -E  conftest.cpp
conftest.cpp:27:28: ac_nonexistent.h: No such file or directory
configure:7156: $? = 1
configure: failed program was:
| /* confdefs.h.  */
| #define PACKAGE_NAME ""
| #define PACKAGE_TARNAME ""
| #define PACKAGE_VERSION ""
| #define PACKAGE_STRING ""
| #define PACKAGE_BUGREPORT ""
| #define _FILE_OFFSET_BITS 64
| #define STDC_HEADERS 1
| #define HAVE_SYS_TYPES_H 1
| #define HAVE_SYS_STAT_H 1
| #define HAVE_STDLIB_H 1
| #define HAVE_STRING_H 1
| #define HAVE_MEMORY_H 1
| #define HAVE_STRINGS_H 1
| #define HAVE_INTTYPES_H 1
| #define HAVE_STDINT_H 1
| #define HAVE_UNISTD_H 1
| #define __EXTENSIONS__ 1
| #define _ALL_SOURCE 1
| #define _GNU_SOURCE 1
| #define _POSIX_PTHREAD_SEMANTICS 1
| #define _TANDEM_SOURCE 1
| #define PACKAGE "hadoop"
| #define VERSION "1.0.0"
| #define HAVE_DLFCN_H 1
| /* end confdefs.h.  */
| #include <ac_nonexistent.h>
configure:7251: checking for g77
configure:7267: found /usr/bin/g77
configure:7278: result: g77
configure:7304: checking for Fortran 77 compiler version
configure:7312: g77 --version >&5
GNU Fortran (GCC) 3.4.3 (csl-sol210-3_4-20050802)
Copyright (C) 2004 Free Software Foundation, Inc.

GNU Fortran comes with NO WARRANTY, to the extent permitted by law.
You may redistribute copies of GNU Fortran
under the terms of the GNU General Public License.
For more information about these matters, see the file named COPYING
or type the command `info -f g77 Copying'.
configure:7316: $? = 0
configure:7323: g77 -v >&5
Reading specs from /usr/sfw/lib/gcc/i386-pc-solaris2.11/3.4.3/specs
Configured with: /myshare/builds/dilos-userland/dilos-userland-review/components/gcc3/gcc-3.4.3/configure --prefix=/usr/sfw --mandir=/usr/sfw/share/man --infodir=/usr/sfw/share/info --without-gnu-ld --with-ld=/usr/bin/ld --enable-languages=c,c++,f77,objc --enable-shared --with-gnu-as --with-as=/usr/gnu/bin/as
Thread model: posix
gcc version 3.4.3 (csl-sol210-3_4-20050802)
configure:7327: $? = 0
configure:7334: g77 -V >&5
g77: `-V' option must have argument
configure:7338: $? = 1
configure:7346: checking whether we are using the GNU Fortran 77 compiler
configure:7365: g77 -c  conftest.F >&5
configure:7372: $? = 0
configure:7389: result: yes
configure:7395: checking whether g77 accepts -g
configure:7412: g77 -c -g conftest.f >&5
configure:7419: $? = 0
configure:7435: result: yes
configure:7469: checking the maximum length of command line arguments
configure:7578: result: 262144
configure:7589: checking command to parse /usr/gnu/bin/nm -B output from gcc object
configure:7694: gcc -c -g -O2  conftest.c >&5
configure:7697: $? = 0
configure:7701: /usr/gnu/bin/nm -B conftest.o \| sed -n -e 's/^.*[ 	]\([ABCDGIRSTW][ABCDGIRSTW]*\)[ 	][ 	]*\([_A-Za-z][_A-Za-z0-9]*\)$/\1 \2 \2/p' \> conftest.nm
configure:7704: $? = 0
configure:7756: gcc -o conftest -g -O2   conftest.c conftstm.o >&5
configure:7759: $? = 0
configure:7797: result: ok
configure:7801: checking for objdir
configure:7816: result: .libs
configure:7908: checking for ar
configure:7924: found /usr/gnu/bin/ar
configure:7935: result: ar
configure:8000: checking for ranlib
configure:8016: found /usr/gnu/bin/ranlib
configure:8027: result: ranlib
configure:8092: checking for strip
configure:8108: found /usr/gnu/bin/strip
configure:8119: result: strip
configure:8401: checking if gcc supports -fno-rtti -fno-exceptions
configure:8419: gcc -c -g -O2  -fno-rtti -fno-exceptions conftest.c >&5
cc1: warning: command line option "-fno-rtti" is valid for C++/ObjC++ but not for C
configure:8423: $? = 0
configure:8436: result: no
configure:8451: checking for gcc option to produce PIC
configure:8661: result: -fPIC
configure:8669: checking if gcc PIC flag -fPIC works
configure:8687: gcc -c -g -O2  -fPIC -DPIC conftest.c >&5
configure:8691: $? = 0
configure:8704: result: yes
configure:8732: checking if gcc static flag -static works
configure:8760: result: no
configure:8770: checking if gcc supports -c -o file.o
configure:8791: gcc -c -g -O2  -o out/conftest2.o conftest.c >&5
configure:8795: $? = 0
configure:8817: result: yes
configure:8843: checking whether the gcc linker (/usr/bin/ld) supports shared libraries
configure:9805: result: yes
configure:9826: checking whether -lc should be explicitly linked in
configure:9831: gcc -c -g -O2  conftest.c >&5
configure:9834: $? = 0
configure:9849: gcc -shared -Wl,-h -Wl,conftest -o conftest conftest.o  -v 2\>\&1 \| grep  -lc  \>/dev/null 2\>\&1
configure:9852: $? = 1
configure:9864: result: yes
configure:9872: checking dynamic linker characteristics
configure:10460: result: solaris2.11 ld.so
configure:10469: checking how to hardcode library paths into programs
configure:10494: result: immediate
configure:10508: checking whether stripping libraries is possible
configure:10513: result: yes
configure:11342: checking if libtool supports shared libraries
configure:11344: result: yes
configure:11347: checking whether to build shared libraries
configure:11368: result: yes
configure:11371: checking whether to build static libraries
configure:11375: result: yes
configure:11467: creating libtool
configure:12055: checking for ld used by g++
configure:12122: result: /usr/bin/ld
configure:12131: checking if the linker (/usr/bin/ld) is GNU ld
configure:12146: result: no
configure:12197: checking whether the g++ linker (/usr/bin/ld) supports shared libraries
configure:13139: result: yes
configure:13157: g++ -c -g -O2  conftest.cpp >&5
configure:13160: $? = 0
configure:13279: checking for g++ option to produce PIC
configure:13553: result: -fPIC
configure:13561: checking if g++ PIC flag -fPIC works
configure:13579: g++ -c -g -O2  -fPIC -DPIC conftest.cpp >&5
configure:13583: $? = 0
configure:13596: result: yes
configure:13624: checking if g++ static flag -static works
configure:13652: result: no
configure:13662: checking if g++ supports -c -o file.o
configure:13683: g++ -c -g -O2  -o out/conftest2.o conftest.cpp >&5
configure:13687: $? = 0
configure:13709: result: yes
configure:13735: checking whether the g++ linker (/usr/bin/ld) supports shared libraries
configure:13760: result: yes
configure:13827: checking dynamic linker characteristics
configure:14415: result: solaris2.11 ld.so
configure:14424: checking how to hardcode library paths into programs
configure:14449: result: immediate
configure:14975: checking if libtool supports shared libraries
configure:14977: result: yes
configure:14980: checking whether to build shared libraries
configure:15000: result: yes
configure:15003: checking whether to build static libraries
configure:15007: result: yes
configure:15017: checking for g77 option to produce PIC
configure:15227: result: -fPIC
configure:15235: checking if g77 PIC flag -fPIC works
configure:15253: g77 -c -g -O2 -fPIC conftest.f >&5
configure:15257: $? = 0
configure:15270: result: yes
configure:15298: checking if g77 static flag -static works
configure:15326: result: no
configure:15336: checking if g77 supports -c -o file.o
configure:15357: g77 -c -g -O2 -o out/conftest2.o conftest.f >&5
configure:15361: $? = 0
configure:15383: result: yes
configure:15409: checking whether the g77 linker (/usr/bin/ld) supports shared libraries
configure:16351: result: yes
configure:16418: checking dynamic linker characteristics
configure:17006: result: solaris2.11 ld.so
configure:17015: checking how to hardcode library paths into programs
configure:17040: result: immediate
configure:20608: checking for dlopen in -ldl
configure:20643: gcc -o conftest -g -O2   conftest.c -ldl   >&5
configure:20650: $? = 0
configure:20671: result: yes
configure:20693: checking for JNI_GetCreatedJavaVMs in -ljvm
configure:20728: gcc -o conftest -g -O2   -L/usr/java/jre/lib//server -L/usr/java/jre/lib/i386/client conftest.c -ljvm  -ldl  >&5
configure:20735: $? = 0
configure:20756: result: yes
configure:20771: checking for ANSI C header files
configure:20939: result: yes
configure:20967: checking stdio.h usability
configure:20984: gcc -c -g -O2  conftest.c >&5
configure:20991: $? = 0
configure:21005: result: yes
configure:21009: checking stdio.h presence
configure:21024: gcc -E  conftest.c
configure:21031: $? = 0
configure:21045: result: yes
configure:21073: checking for stdio.h
configure:21082: result: yes
configure:20967: checking stddef.h usability
configure:20984: gcc -c -g -O2  conftest.c >&5
configure:20991: $? = 0
configure:21005: result: yes
configure:21009: checking stddef.h presence
configure:21024: gcc -E  conftest.c
configure:21031: $? = 0
configure:21045: result: yes
configure:21073: checking for stddef.h
configure:21082: result: yes
configure:21127: checking jni.h usability
configure:21144: gcc -c -g -O2   -I/usr/java/include -I/usr/java/include/solaris conftest.c >&5
configure:21151: $? = 0
configure:21165: result: yes
configure:21169: checking jni.h presence
configure:21184: gcc -E   -I/usr/java/include -I/usr/java/include/solaris conftest.c
configure:21191: $? = 0
configure:21205: result: yes
configure:21233: checking for jni.h
configure:21242: result: yes
configure:21280: checking zlib.h usability
configure:21297: gcc -c -g -O2   -I/usr/java/include -I/usr/java/include/solaris conftest.c >&5
configure:21304: $? = 0
configure:21318: result: yes
configure:21322: checking zlib.h presence
configure:21337: gcc -E   -I/usr/java/include -I/usr/java/include/solaris conftest.c
configure:21344: $? = 0
configure:21358: result: yes
configure:21386: checking for zlib.h
configure:21395: result: yes
configure:21406: checking Checking for the 'actual' dynamic-library for '-lz'
configure:21430: result: "libz.so.1"
configure:21280: checking zconf.h usability
configure:21297: gcc -c -g -O2   -I/usr/java/include -I/usr/java/include/solaris conftest.c >&5
configure:21304: $? = 0
configure:21318: result: yes
configure:21322: checking zconf.h presence
configure:21337: gcc -E   -I/usr/java/include -I/usr/java/include/solaris conftest.c
configure:21344: $? = 0
configure:21358: result: yes
configure:21386: checking for zconf.h
configure:21395: result: yes
configure:21406: checking Checking for the 'actual' dynamic-library for '-lz'
configure:21430: result: "libz.so.1"
configure:21463: checking snappy-c.h usability
configure:21480: gcc -c -g -O2   -I/usr/java/include -I/usr/java/include/solaris conftest.c >&5
conftest.c:70:22: snappy-c.h: No such file or directory
configure:21487: $? = 1
configure: failed program was:
| /* confdefs.h.  */
| #define PACKAGE_NAME ""
| #define PACKAGE_TARNAME ""
| #define PACKAGE_VERSION ""
| #define PACKAGE_STRING ""
| #define PACKAGE_BUGREPORT ""
| #define _FILE_OFFSET_BITS 64
| #define STDC_HEADERS 1
| #define HAVE_SYS_TYPES_H 1
| #define HAVE_SYS_STAT_H 1
| #define HAVE_STDLIB_H 1
| #define HAVE_STRING_H 1
| #define HAVE_MEMORY_H 1
| #define HAVE_STRINGS_H 1
| #define HAVE_INTTYPES_H 1
| #define HAVE_STDINT_H 1
| #define HAVE_UNISTD_H 1
| #define __EXTENSIONS__ 1
| #define _ALL_SOURCE 1
| #define _GNU_SOURCE 1
| #define _POSIX_PTHREAD_SEMANTICS 1
| #define _TANDEM_SOURCE 1
| #define PACKAGE "hadoop"
| #define VERSION "1.0.0"
| #define HAVE_DLFCN_H 1
| #define HAVE_LIBDL 1
| #define HAVE_LIBJVM 1
| #define STDC_HEADERS 1
| #define HAVE_STDIO_H 1
| #define HAVE_STDDEF_H 1
| #define HAVE_JNI_H 1
| #define HAVE_ZLIB_H 1
| #define HADOOP_ZLIB_LIBRARY "libz.so.1"
| #define HAVE_ZCONF_H 1
| #define HADOOP_ZLIB_LIBRARY "libz.so.1"
| /* end confdefs.h.  */
| #include <stdio.h>
| #ifdef HAVE_SYS_TYPES_H
| # include <sys/types.h>
| #endif
| #ifdef HAVE_SYS_STAT_H
| # include <sys/stat.h>
| #endif
| #ifdef STDC_HEADERS
| # include <stdlib.h>
| # include <stddef.h>
| #else
| # ifdef HAVE_STDLIB_H
| #  include <stdlib.h>
| # endif
| #endif
| #ifdef HAVE_STRING_H
| # if !defined STDC_HEADERS && defined HAVE_MEMORY_H
| #  include <memory.h>
| # endif
| # include <string.h>
| #endif
| #ifdef HAVE_STRINGS_H
| # include <strings.h>
| #endif
| #ifdef HAVE_INTTYPES_H
| # include <inttypes.h>
| #endif
| #ifdef HAVE_STDINT_H
| # include <stdint.h>
| #endif
| #ifdef HAVE_UNISTD_H
| # include <unistd.h>
| #endif
| #include <snappy-c.h>
configure:21501: result: no
configure:21505: checking snappy-c.h presence
configure:21520: gcc -E   -I/usr/java/include -I/usr/java/include/solaris conftest.c
conftest.c:37:22: snappy-c.h: No such file or directory
configure:21527: $? = 1
configure: failed program was:
| /* confdefs.h.  */
| #define PACKAGE_NAME ""
| #define PACKAGE_TARNAME ""
| #define PACKAGE_VERSION ""
| #define PACKAGE_STRING ""
| #define PACKAGE_BUGREPORT ""
| #define _FILE_OFFSET_BITS 64
| #define STDC_HEADERS 1
| #define HAVE_SYS_TYPES_H 1
| #define HAVE_SYS_STAT_H 1
| #define HAVE_STDLIB_H 1
| #define HAVE_STRING_H 1
| #define HAVE_MEMORY_H 1
| #define HAVE_STRINGS_H 1
| #define HAVE_INTTYPES_H 1
| #define HAVE_STDINT_H 1
| #define HAVE_UNISTD_H 1
| #define __EXTENSIONS__ 1
| #define _ALL_SOURCE 1
| #define _GNU_SOURCE 1
| #define _POSIX_PTHREAD_SEMANTICS 1
| #define _TANDEM_SOURCE 1
| #define PACKAGE "hadoop"
| #define VERSION "1.0.0"
| #define HAVE_DLFCN_H 1
| #define HAVE_LIBDL 1
| #define HAVE_LIBJVM 1
| #define STDC_HEADERS 1
| #define HAVE_STDIO_H 1
| #define HAVE_STDDEF_H 1
| #define HAVE_JNI_H 1
| #define HAVE_ZLIB_H 1
| #define HADOOP_ZLIB_LIBRARY "libz.so.1"
| #define HAVE_ZCONF_H 1
| #define HADOOP_ZLIB_LIBRARY "libz.so.1"
| /* end confdefs.h.  */
| #include <snappy-c.h>
configure:21541: result: no
configure:21569: checking for snappy-c.h
configure:21578: result: no
configure:21622: WARNING: Snappy headers were not found... building without snappy.
configure:21648: checking fcntl.h usability
configure:21665: gcc -c -g -O2   -I/usr/java/include -I/usr/java/include/solaris conftest.c >&5
configure:21672: $? = 0
configure:21686: result: yes
configure:21690: checking fcntl.h presence
configure:21705: gcc -E   -I/usr/java/include -I/usr/java/include/solaris conftest.c
configure:21712: $? = 0
configure:21726: result: yes
configure:21754: checking for fcntl.h
configure:21763: result: yes
configure:21637: checking for stdlib.h
configure:21644: result: yes
configure:21637: checking for string.h
configure:21644: result: yes
configure:21637: checking for unistd.h
configure:21644: result: yes
configure:21788: checking for fcntl.h
configure:21795: result: yes
configure:21928: checking for posix_fadvise
configure:21984: gcc -o conftest -g -O2   -I/usr/java/include -I/usr/java/include/solaris  conftest.c -ljvm -ldl  >&5
ld: fatal: library -ljvm: not found
ld: fatal: file processing errors. No output written to conftest
collect2: ld returned 1 exit status
configure:21991: $? = 1
configure: failed program was:
| /* confdefs.h.  */
| #define PACKAGE_NAME ""
| #define PACKAGE_TARNAME ""
| #define PACKAGE_VERSION ""
| #define PACKAGE_STRING ""
| #define PACKAGE_BUGREPORT ""
| #define _FILE_OFFSET_BITS 64
| #define STDC_HEADERS 1
| #define HAVE_SYS_TYPES_H 1
| #define HAVE_SYS_STAT_H 1
| #define HAVE_STDLIB_H 1
| #define HAVE_STRING_H 1
| #define HAVE_MEMORY_H 1
| #define HAVE_STRINGS_H 1
| #define HAVE_INTTYPES_H 1
| #define HAVE_STDINT_H 1
| #define HAVE_UNISTD_H 1
| #define __EXTENSIONS__ 1
| #define _ALL_SOURCE 1
| #define _GNU_SOURCE 1
| #define _POSIX_PTHREAD_SEMANTICS 1
| #define _TANDEM_SOURCE 1
| #define PACKAGE "hadoop"
| #define VERSION "1.0.0"
| #define HAVE_DLFCN_H 1
| #define HAVE_LIBDL 1
| #define HAVE_LIBJVM 1
| #define STDC_HEADERS 1
| #define HAVE_STDIO_H 1
| #define HAVE_STDDEF_H 1
| #define HAVE_JNI_H 1
| #define HAVE_ZLIB_H 1
| #define HADOOP_ZLIB_LIBRARY "libz.so.1"
| #define HAVE_ZCONF_H 1
| #define HADOOP_ZLIB_LIBRARY "libz.so.1"
| #define HAVE_FCNTL_H 1
| #define HAVE_STDLIB_H 1
| #define HAVE_STRING_H 1
| #define HAVE_UNISTD_H 1
| #define HAVE_FCNTL_H 1
| /* end confdefs.h.  */
| /* Define posix_fadvise to an innocuous variant, in case <limits.h> declares posix_fadvise.
|    For example, HP-UX 11i <limits.h> declares gettimeofday.  */
| #define posix_fadvise innocuous_posix_fadvise
| 
| /* System header to define __stub macros and hopefully few prototypes,
|     which can conflict with char posix_fadvise (); below.
|     Prefer <limits.h> to <assert.h> if __STDC__ is defined, since
|     <limits.h> exists even on freestanding compilers.  */
| 
| #ifdef __STDC__
| # include <limits.h>
| #else
| # include <assert.h>
| #endif
| 
| #undef posix_fadvise
| 
| /* Override any GCC internal prototype to avoid an error.
|    Use char because int might match the return type of a GCC
|    builtin and then its argument prototype would still apply.  */
| #ifdef __cplusplus
| extern "C"
| #endif
| char posix_fadvise ();
| /* The GNU C library defines this for functions which it implements
|     to always fail with ENOSYS.  Some functions are actually named
|     something starting with __ and the normal name is an alias.  */
| #if defined __stub_posix_fadvise || defined __stub___posix_fadvise
| choke me
| #endif
| 
| int
| main ()
| {
| return posix_fadvise ();
|   ;
|   return 0;
| }
configure:22013: result: no
configure:22035: checking for fcntl.h
configure:22042: result: yes
configure:22175: checking for sync_file_range
configure:22231: gcc -o conftest -g -O2   -I/usr/java/include -I/usr/java/include/solaris  conftest.c -ljvm -ldl  >&5
ld: fatal: library -ljvm: not found
ld: fatal: file processing errors. No output written to conftest
collect2: ld returned 1 exit status
configure:22238: $? = 1
configure: failed program was:
| /* confdefs.h.  */
| #define PACKAGE_NAME ""
| #define PACKAGE_TARNAME ""
| #define PACKAGE_VERSION ""
| #define PACKAGE_STRING ""
| #define PACKAGE_BUGREPORT ""
| #define _FILE_OFFSET_BITS 64
| #define STDC_HEADERS 1
| #define HAVE_SYS_TYPES_H 1
| #define HAVE_SYS_STAT_H 1
| #define HAVE_STDLIB_H 1
| #define HAVE_STRING_H 1
| #define HAVE_MEMORY_H 1
| #define HAVE_STRINGS_H 1
| #define HAVE_INTTYPES_H 1
| #define HAVE_STDINT_H 1
| #define HAVE_UNISTD_H 1
| #define __EXTENSIONS__ 1
| #define _ALL_SOURCE 1
| #define _GNU_SOURCE 1
| #define _POSIX_PTHREAD_SEMANTICS 1
| #define _TANDEM_SOURCE 1
| #define PACKAGE "hadoop"
| #define VERSION "1.0.0"
| #define HAVE_DLFCN_H 1
| #define HAVE_LIBDL 1
| #define HAVE_LIBJVM 1
| #define STDC_HEADERS 1
| #define HAVE_STDIO_H 1
| #define HAVE_STDDEF_H 1
| #define HAVE_JNI_H 1
| #define HAVE_ZLIB_H 1
| #define HADOOP_ZLIB_LIBRARY "libz.so.1"
| #define HAVE_ZCONF_H 1
| #define HADOOP_ZLIB_LIBRARY "libz.so.1"
| #define HAVE_FCNTL_H 1
| #define HAVE_STDLIB_H 1
| #define HAVE_STRING_H 1
| #define HAVE_UNISTD_H 1
| #define HAVE_FCNTL_H 1
| #define HAVE_FCNTL_H 1
| /* end confdefs.h.  */
| /* Define sync_file_range to an innocuous variant, in case <limits.h> declares sync_file_range.
|    For example, HP-UX 11i <limits.h> declares gettimeofday.  */
| #define sync_file_range innocuous_sync_file_range
| 
| /* System header to define __stub macros and hopefully few prototypes,
|     which can conflict with char sync_file_range (); below.
|     Prefer <limits.h> to <assert.h> if __STDC__ is defined, since
|     <limits.h> exists even on freestanding compilers.  */
| 
| #ifdef __STDC__
| # include <limits.h>
| #else
| # include <assert.h>
| #endif
| 
| #undef sync_file_range
| 
| /* Override any GCC internal prototype to avoid an error.
|    Use char because int might match the return type of a GCC
|    builtin and then its argument prototype would still apply.  */
| #ifdef __cplusplus
| extern "C"
| #endif
| char sync_file_range ();
| /* The GNU C library defines this for functions which it implements
|     to always fail with ENOSYS.  Some functions are actually named
|     something starting with __ and the normal name is an alias.  */
| #if defined __stub_sync_file_range || defined __stub___sync_file_range
| choke me
| #endif
| 
| int
| main ()
| {
| return sync_file_range ();
|   ;
|   return 0;
| }
configure:22260: result: no
configure:22278: checking for an ANSI C-conforming const
configure:22353: gcc -c -g -O2   -I/usr/java/include -I/usr/java/include/solaris conftest.c >&5
configure:22360: $? = 0
configure:22375: result: yes
configure:22391: checking for memset
configure:22447: gcc -o conftest -g -O2   -I/usr/java/include -I/usr/java/include/solaris  conftest.c -ljvm -ldl  >&5
conftest.c:66: warning: conflicting types for built-in function 'memset'
ld: fatal: library -ljvm: not found
ld: fatal: file processing errors. No output written to conftest
collect2: ld returned 1 exit status
configure:22454: $? = 1
configure: failed program was:
| /* confdefs.h.  */
| #define PACKAGE_NAME ""
| #define PACKAGE_TARNAME ""
| #define PACKAGE_VERSION ""
| #define PACKAGE_STRING ""
| #define PACKAGE_BUGREPORT ""
| #define _FILE_OFFSET_BITS 64
| #define STDC_HEADERS 1
| #define HAVE_SYS_TYPES_H 1
| #define HAVE_SYS_STAT_H 1
| #define HAVE_STDLIB_H 1
| #define HAVE_STRING_H 1
| #define HAVE_MEMORY_H 1
| #define HAVE_STRINGS_H 1
| #define HAVE_INTTYPES_H 1
| #define HAVE_STDINT_H 1
| #define HAVE_UNISTD_H 1
| #define __EXTENSIONS__ 1
| #define _ALL_SOURCE 1
| #define _GNU_SOURCE 1
| #define _POSIX_PTHREAD_SEMANTICS 1
| #define _TANDEM_SOURCE 1
| #define PACKAGE "hadoop"
| #define VERSION "1.0.0"
| #define HAVE_DLFCN_H 1
| #define HAVE_LIBDL 1
| #define HAVE_LIBJVM 1
| #define STDC_HEADERS 1
| #define HAVE_STDIO_H 1
| #define HAVE_STDDEF_H 1
| #define HAVE_JNI_H 1
| #define HAVE_ZLIB_H 1
| #define HADOOP_ZLIB_LIBRARY "libz.so.1"
| #define HAVE_ZCONF_H 1
| #define HADOOP_ZLIB_LIBRARY "libz.so.1"
| #define HAVE_FCNTL_H 1
| #define HAVE_STDLIB_H 1
| #define HAVE_STRING_H 1
| #define HAVE_UNISTD_H 1
| #define HAVE_FCNTL_H 1
| #define HAVE_FCNTL_H 1
| /* end confdefs.h.  */
| /* Define memset to an innocuous variant, in case <limits.h> declares memset.
|    For example, HP-UX 11i <limits.h> declares gettimeofday.  */
| #define memset innocuous_memset
| 
| /* System header to define __stub macros and hopefully few prototypes,
|     which can conflict with char memset (); below.
|     Prefer <limits.h> to <assert.h> if __STDC__ is defined, since
|     <limits.h> exists even on freestanding compilers.  */
| 
| #ifdef __STDC__
| # include <limits.h>
| #else
| # include <assert.h>
| #endif
| 
| #undef memset
| 
| /* Override any GCC internal prototype to avoid an error.
|    Use char because int might match the return type of a GCC
|    builtin and then its argument prototype would still apply.  */
| #ifdef __cplusplus
| extern "C"
| #endif
| char memset ();
| /* The GNU C library defines this for functions which it implements
|     to always fail with ENOSYS.  Some functions are actually named
|     something starting with __ and the normal name is an alias.  */
| #if defined __stub_memset || defined __stub___memset
| choke me
| #endif
| 
| int
| main ()
| {
| return memset ();
|   ;
|   return 0;
| }
configure:22476: result: no
configure:22490: checking whether strerror_r is declared
configure:22519: gcc -c -g -O2   -I/usr/java/include -I/usr/java/include/solaris conftest.c >&5
configure:22526: $? = 0
configure:22541: result: yes
configure:22563: checking for strerror_r
configure:22619: gcc -o conftest -g -O2   -I/usr/java/include -I/usr/java/include/solaris  conftest.c -ljvm -ldl  >&5
ld: fatal: library -ljvm: not found
ld: fatal: file processing errors. No output written to conftest
collect2: ld returned 1 exit status
configure:22626: $? = 1
configure: failed program was:
| /* confdefs.h.  */
| #define PACKAGE_NAME ""
| #define PACKAGE_TARNAME ""
| #define PACKAGE_VERSION ""
| #define PACKAGE_STRING ""
| #define PACKAGE_BUGREPORT ""
| #define _FILE_OFFSET_BITS 64
| #define STDC_HEADERS 1
| #define HAVE_SYS_TYPES_H 1
| #define HAVE_SYS_STAT_H 1
| #define HAVE_STDLIB_H 1
| #define HAVE_STRING_H 1
| #define HAVE_MEMORY_H 1
| #define HAVE_STRINGS_H 1
| #define HAVE_INTTYPES_H 1
| #define HAVE_STDINT_H 1
| #define HAVE_UNISTD_H 1
| #define __EXTENSIONS__ 1
| #define _ALL_SOURCE 1
| #define _GNU_SOURCE 1
| #define _POSIX_PTHREAD_SEMANTICS 1
| #define _TANDEM_SOURCE 1
| #define PACKAGE "hadoop"
| #define VERSION "1.0.0"
| #define HAVE_DLFCN_H 1
| #define HAVE_LIBDL 1
| #define HAVE_LIBJVM 1
| #define STDC_HEADERS 1
| #define HAVE_STDIO_H 1
| #define HAVE_STDDEF_H 1
| #define HAVE_JNI_H 1
| #define HAVE_ZLIB_H 1
| #define HADOOP_ZLIB_LIBRARY "libz.so.1"
| #define HAVE_ZCONF_H 1
| #define HADOOP_ZLIB_LIBRARY "libz.so.1"
| #define HAVE_FCNTL_H 1
| #define HAVE_STDLIB_H 1
| #define HAVE_STRING_H 1
| #define HAVE_UNISTD_H 1
| #define HAVE_FCNTL_H 1
| #define HAVE_FCNTL_H 1
| #define HAVE_DECL_STRERROR_R 1
| /* end confdefs.h.  */
| /* Define strerror_r to an innocuous variant, in case <limits.h> declares strerror_r.
|    For example, HP-UX 11i <limits.h> declares gettimeofday.  */
| #define strerror_r innocuous_strerror_r
| 
| /* System header to define __stub macros and hopefully few prototypes,
|     which can conflict with char strerror_r (); below.
|     Prefer <limits.h> to <assert.h> if __STDC__ is defined, since
|     <limits.h> exists even on freestanding compilers.  */
| 
| #ifdef __STDC__
| # include <limits.h>
| #else
| # include <assert.h>
| #endif
| 
| #undef strerror_r
| 
| /* Override any GCC internal prototype to avoid an error.
|    Use char because int might match the return type of a GCC
|    builtin and then its argument prototype would still apply.  */
| #ifdef __cplusplus
| extern "C"
| #endif
| char strerror_r ();
| /* The GNU C library defines this for functions which it implements
|     to always fail with ENOSYS.  Some functions are actually named
|     something starting with __ and the normal name is an alias.  */
| #if defined __stub_strerror_r || defined __stub___strerror_r
| choke me
| #endif
| 
| int
| main ()
| {
| return strerror_r ();
|   ;
|   return 0;
| }
configure:22648: result: no
configure:22660: checking whether strerror_r returns char *
configure:22694: gcc -c -g -O2   -I/usr/java/include -I/usr/java/include/solaris conftest.c >&5
conftest.c: In function `main':
conftest.c:82: error: invalid type argument of `unary *'
conftest.c:83: warning: initialization makes pointer from integer without a cast
configure:22701: $? = 1
configure: failed program was:
| /* confdefs.h.  */
| #define PACKAGE_NAME ""
| #define PACKAGE_TARNAME ""
| #define PACKAGE_VERSION ""
| #define PACKAGE_STRING ""
| #define PACKAGE_BUGREPORT ""
| #define _FILE_OFFSET_BITS 64
| #define STDC_HEADERS 1
| #define HAVE_SYS_TYPES_H 1
| #define HAVE_SYS_STAT_H 1
| #define HAVE_STDLIB_H 1
| #define HAVE_STRING_H 1
| #define HAVE_MEMORY_H 1
| #define HAVE_STRINGS_H 1
| #define HAVE_INTTYPES_H 1
| #define HAVE_STDINT_H 1
| #define HAVE_UNISTD_H 1
| #define __EXTENSIONS__ 1
| #define _ALL_SOURCE 1
| #define _GNU_SOURCE 1
| #define _POSIX_PTHREAD_SEMANTICS 1
| #define _TANDEM_SOURCE 1
| #define PACKAGE "hadoop"
| #define VERSION "1.0.0"
| #define HAVE_DLFCN_H 1
| #define HAVE_LIBDL 1
| #define HAVE_LIBJVM 1
| #define STDC_HEADERS 1
| #define HAVE_STDIO_H 1
| #define HAVE_STDDEF_H 1
| #define HAVE_JNI_H 1
| #define HAVE_ZLIB_H 1
| #define HADOOP_ZLIB_LIBRARY "libz.so.1"
| #define HAVE_ZCONF_H 1
| #define HADOOP_ZLIB_LIBRARY "libz.so.1"
| #define HAVE_FCNTL_H 1
| #define HAVE_STDLIB_H 1
| #define HAVE_STRING_H 1
| #define HAVE_UNISTD_H 1
| #define HAVE_FCNTL_H 1
| #define HAVE_FCNTL_H 1
| #define HAVE_DECL_STRERROR_R 1
| /* end confdefs.h.  */
| #include <stdio.h>
| #ifdef HAVE_SYS_TYPES_H
| # include <sys/types.h>
| #endif
| #ifdef HAVE_SYS_STAT_H
| # include <sys/stat.h>
| #endif
| #ifdef STDC_HEADERS
| # include <stdlib.h>
| # include <stddef.h>
| #else
| # ifdef HAVE_STDLIB_H
| #  include <stdlib.h>
| # endif
| #endif
| #ifdef HAVE_STRING_H
| # if !defined STDC_HEADERS && defined HAVE_MEMORY_H
| #  include <memory.h>
| # endif
| # include <string.h>
| #endif
| #ifdef HAVE_STRINGS_H
| # include <strings.h>
| #endif
| #ifdef HAVE_INTTYPES_H
| # include <inttypes.h>
| #endif
| #ifdef HAVE_STDINT_H
| # include <stdint.h>
| #endif
| #ifdef HAVE_UNISTD_H
| # include <unistd.h>
| #endif
| int
| main ()
| {
| 
| 	  char buf[100];
| 	  char x = *strerror_r (0, buf, sizeof buf);
| 	  char *p = strerror_r (0, buf, sizeof buf);
| 	  return !p || x;
| 
|   ;
|   return 0;
| }
configure:22780: result: no
configure:22916: creating ./config.status

## ---------------------- ##
## Running config.status. ##
## ---------------------- ##

This file was extended by config.status, which was
generated by GNU Autoconf 2.63.  Invocation command line was

  CONFIG_FILES    = 
  CONFIG_HEADERS  = 
  CONFIG_LINKS    = 
  CONFIG_COMMANDS = 
  $ ./config.status 

on dn-177

config.status:818: creating Makefile
config.status:818: creating config.h
config.status:1040: config.h is unchanged
config.status:1091: executing depfiles commands

## ---------------- ##
## Cache variables. ##
## ---------------- ##

ac_cv_build=i386-pc-solaris2.11
ac_cv_c_compiler_gnu=yes
ac_cv_c_const=yes
ac_cv_cxx_compiler_gnu=yes
ac_cv_env_CCC_set=''
ac_cv_env_CCC_value=''
ac_cv_env_CC_set=''
ac_cv_env_CC_value=''
ac_cv_env_CFLAGS_set=''
ac_cv_env_CFLAGS_value=''
ac_cv_env_CPPFLAGS_set=''
ac_cv_env_CPPFLAGS_value=''
ac_cv_env_CPP_set=''
ac_cv_env_CPP_value=''
ac_cv_env_CXXCPP_set=''
ac_cv_env_CXXCPP_value=''
ac_cv_env_CXXFLAGS_set=''
ac_cv_env_CXXFLAGS_value=''
ac_cv_env_CXX_set=''
ac_cv_env_CXX_value=''
ac_cv_env_F77_set=''
ac_cv_env_F77_value=''
ac_cv_env_FFLAGS_set=''
ac_cv_env_FFLAGS_value=''
ac_cv_env_LDFLAGS_set=''
ac_cv_env_LDFLAGS_value=''
ac_cv_env_LIBS_set=''
ac_cv_env_LIBS_value=''
ac_cv_env_build_alias_set=''
ac_cv_env_build_alias_value=''
ac_cv_env_host_alias_set=''
ac_cv_env_host_alias_value=''
ac_cv_env_target_alias_set=''
ac_cv_env_target_alias_value=''
ac_cv_f77_compiler_gnu=yes
ac_cv_func_memset=no
ac_cv_func_posix_fadvise=no
ac_cv_func_strerror_r=no
ac_cv_func_strerror_r_char_p=no
ac_cv_func_sync_file_range=no
ac_cv_have_decl_strerror_r=yes
ac_cv_header_dlfcn_h=yes
ac_cv_header_fcntl_h=yes
ac_cv_header_inttypes_h=yes
ac_cv_header_jni_h=yes
ac_cv_header_memory_h=yes
ac_cv_header_minix_config_h=no
ac_cv_header_snappy_c_h=no
ac_cv_header_stdc=yes
ac_cv_header_stddef_h=yes
ac_cv_header_stdint_h=yes
ac_cv_header_stdio_h=yes
ac_cv_header_stdlib_h=yes
ac_cv_header_string_h=yes
ac_cv_header_strings_h=yes
ac_cv_header_sys_stat_h=yes
ac_cv_header_sys_types_h=yes
ac_cv_header_unistd_h=yes
ac_cv_header_zconf_h=yes
ac_cv_header_zlib_h=yes
ac_cv_host=i386-pc-solaris2.11
ac_cv_lib_dl_dlopen=yes
ac_cv_lib_jvm_JNI_GetCreatedJavaVMs=yes
ac_cv_libname_z='"libz.so.1"'
ac_cv_objext=o
ac_cv_path_EGREP='/usr/gnu/bin/grep -E'
ac_cv_path_GREP=/usr/gnu/bin/grep
ac_cv_path_install='/usr/gnu/bin/install -c'
ac_cv_path_mkdir=/usr/gnu/bin/mkdir
ac_cv_prog_AWK=gawk
ac_cv_prog_CPP='gcc -E'
ac_cv_prog_CXXCPP='g++ -E'
ac_cv_prog_ac_ct_AR=ar
ac_cv_prog_ac_ct_CC=gcc
ac_cv_prog_ac_ct_CXX=g++
ac_cv_prog_ac_ct_F77=g77
ac_cv_prog_ac_ct_RANLIB=ranlib
ac_cv_prog_ac_ct_STRIP=strip
ac_cv_prog_cc_c89=''
ac_cv_prog_cc_g=yes
ac_cv_prog_cxx_g=yes
ac_cv_prog_f77_g=yes
ac_cv_prog_make_make_set=yes
ac_cv_safe_to_define___extensions__=yes
ac_cv_sys_file_offset_bits=64
ac_cv_sys_largefile_CC=no
am_cv_CC_dependencies_compiler_type=gcc3
am_cv_CXX_dependencies_compiler_type=gcc3
lt_cv_deplibs_check_method=pass_all
lt_cv_file_magic_cmd='$MAGIC_CMD'
lt_cv_file_magic_test_file=''
lt_cv_ld_reload_flag=-r
lt_cv_objdir=.libs
lt_cv_path_LD=/usr/bin/ld
lt_cv_path_LDCXX=/usr/bin/ld
lt_cv_path_NM='/usr/gnu/bin/nm -B'
lt_cv_path_SED=/usr/gnu/bin/sed
lt_cv_prog_compiler_c_o=yes
lt_cv_prog_compiler_c_o_CXX=yes
lt_cv_prog_compiler_c_o_F77=yes
lt_cv_prog_compiler_rtti_exceptions=no
lt_cv_prog_gnu_ld=no
lt_cv_prog_gnu_ldcxx=no
lt_cv_sys_global_symbol_pipe=$'sed -n -e \'s/^.*[ \t]\\([ABCDGIRSTW][ABCDGIRSTW]*\\)[ \t][ \t]*\\([_A-Za-z][_A-Za-z0-9]*\\)$/\\1 \\2 \\2/p\''
lt_cv_sys_global_symbol_to_c_name_address=$'sed -n -e \'s/^: \\([^ ]*\\) $/  {\\"\\1\\", (lt_ptr) 0},/p\' -e \'s/^[BCDEGRST] \\([^ ]*\\) \\([^ ]*\\)$/  {"\\2", (lt_ptr) \\&\\2},/p\''
lt_cv_sys_global_symbol_to_cdecl=$'sed -n -e \'s/^. .* \\(.*\\)$/extern int \\1;/p\''
lt_cv_sys_max_cmd_len=262144
lt_lt_cv_prog_compiler_c_o='"yes"'
lt_lt_cv_prog_compiler_c_o_CXX='"yes"'
lt_lt_cv_prog_compiler_c_o_F77='"yes"'
lt_lt_cv_sys_global_symbol_pipe=$'"sed -n -e \'s/^.*[ \t]\\\\([ABCDGIRSTW][ABCDGIRSTW]*\\\\)[ \t][ \t]*\\\\([_A-Za-z][_A-Za-z0-9]*\\\\)\\$/\\\\1 \\\\2 \\\\2/p\'"'
lt_lt_cv_sys_global_symbol_to_c_name_address=$'"sed -n -e \'s/^: \\\\([^ ]*\\\\) \\$/  {\\\\\\"\\\\1\\\\\\", (lt_ptr) 0},/p\' -e \'s/^[BCDEGRST] \\\\([^ ]*\\\\) \\\\([^ ]*\\\\)\\$/  {\\"\\\\2\\", (lt_ptr) \\\\&\\\\2},/p\'"'
lt_lt_cv_sys_global_symbol_to_cdecl=$'"sed -n -e \'s/^. .* \\\\(.*\\\\)\\$/extern int \\\\1;/p\'"'

## ----------------- ##
## Output variables. ##
## ----------------- ##

ACLOCAL='${SHELL} /root/mydev/hadoop-1.0.3.16/src/native/config/missing --run aclocal-1.10'
AMDEPBACKSLASH='\'
AMDEP_FALSE='#'
AMDEP_TRUE=''
AMTAR='${SHELL} /root/mydev/hadoop-1.0.3.16/src/native/config/missing --run tar'
AR='ar'
AUTOCONF='${SHELL} /root/mydev/hadoop-1.0.3.16/src/native/config/missing --run autoconf'
AUTOHEADER='${SHELL} /root/mydev/hadoop-1.0.3.16/src/native/config/missing --run autoheader'
AUTOMAKE='${SHELL} /root/mydev/hadoop-1.0.3.16/src/native/config/missing --run automake-1.10'
AWK='gawk'
CC='gcc'
CCDEPMODE='depmode=gcc3'
CFLAGS='-g -O2'
CPP='gcc -E'
CPPFLAGS='  -I/usr/java/include -I/usr/java/include/solaris'
CXX='g++'
CXXCPP='g++ -E'
CXXDEPMODE='depmode=gcc3'
CXXFLAGS='-g -O2'
CYGPATH_W='echo'
DEFS='-DHAVE_CONFIG_H'
DEPDIR='.deps'
ECHO='/usr/gnu/bin/echo'
ECHO_C='\c'
ECHO_N=''
ECHO_T=''
EGREP='/usr/gnu/bin/grep -E'
EXEEXT=''
F77='g77'
FFLAGS='-g -O2'
GREP='/usr/gnu/bin/grep'
INSTALL_DATA='${INSTALL} -m 644'
INSTALL_PROGRAM='${INSTALL}'
INSTALL_SCRIPT='${INSTALL}'
INSTALL_STRIP_PROGRAM='$(install_sh) -c -s'
JNI_CPPFLAGS=' -I/usr/java/include -I/usr/java/include/solaris'
JNI_LDFLAGS='-L/usr/java/jre/lib//server -L/usr/java/jre/lib/i386/client'
LDFLAGS=''
LIBOBJS=''
LIBS='-ljvm -ldl '
LIBTOOL='$(SHELL) $(top_builddir)/libtool'
LN_S='ln -s'
LTLIBOBJS=''
MAKEINFO='${SHELL} /root/mydev/hadoop-1.0.3.16/src/native/config/missing --run makeinfo'
MKDIR_P='/usr/gnu/bin/mkdir -p'
OBJEXT='o'
PACKAGE='hadoop'
PACKAGE_BUGREPORT=''
PACKAGE_NAME=''
PACKAGE_STRING=''
PACKAGE_TARNAME=''
PACKAGE_VERSION=''
PATH_SEPARATOR=':'
RANLIB='ranlib'
SET_MAKE=''
SHELL='/bin/sh'
STRIP='strip'
VERSION='1.0.0'
ac_ct_CC='gcc'
ac_ct_CXX='g++'
ac_ct_F77='g77'
am__fastdepCC_FALSE='#'
am__fastdepCC_TRUE=''
am__fastdepCXX_FALSE='#'
am__fastdepCXX_TRUE=''
am__include='include'
am__isrc=''
am__leading_dot='.'
am__quote=''
am__tar='${AMTAR} chof - "$$tardir"'
am__untar='${AMTAR} xf -'
bindir='${exec_prefix}/bin'
build='i386-pc-solaris2.11'
build_alias=''
build_cpu='i386'
build_os='solaris2.11'
build_vendor='pc'
datadir='${datarootdir}'
datarootdir='${prefix}/share'
docdir='${datarootdir}/doc/${PACKAGE}'
dvidir='${docdir}'
exec_prefix='${prefix}'
host='i386-pc-solaris2.11'
host_alias=''
host_cpu='i386'
host_os='solaris2.11'
host_vendor='pc'
htmldir='${docdir}'
includedir='${prefix}/include'
infodir='${datarootdir}/info'
install_sh='$(SHELL) /root/mydev/hadoop-1.0.3.16/src/native/config/install-sh'
libdir='${exec_prefix}/lib'
libexecdir='${exec_prefix}/libexec'
localedir='${datarootdir}/locale'
localstatedir='${prefix}/var'
mandir='${datarootdir}/man'
mkdir_p='/usr/gnu/bin/mkdir -p'
oldincludedir='/usr/include'
pdfdir='${docdir}'
prefix='/usr/local'
program_transform_name='s,x,x,'
psdir='${docdir}'
sbindir='${exec_prefix}/sbin'
sharedstatedir='${prefix}/com'
sysconfdir='${prefix}/etc'
target_alias=''

## ----------- ##
## confdefs.h. ##
## ----------- ##

#define PACKAGE_NAME ""
#define PACKAGE_TARNAME ""
#define PACKAGE_VERSION ""
#define PACKAGE_STRING ""
#define PACKAGE_BUGREPORT ""
#define _FILE_OFFSET_BITS 64
#define STDC_HEADERS 1
#define HAVE_SYS_TYPES_H 1
#define HAVE_SYS_STAT_H 1
#define HAVE_STDLIB_H 1
#define HAVE_STRING_H 1
#define HAVE_MEMORY_H 1
#define HAVE_STRINGS_H 1
#define HAVE_INTTYPES_H 1
#define HAVE_STDINT_H 1
#define HAVE_UNISTD_H 1
#define __EXTENSIONS__ 1
#define _ALL_SOURCE 1
#define _GNU_SOURCE 1
#define _POSIX_PTHREAD_SEMANTICS 1
#define _TANDEM_SOURCE 1
#define PACKAGE "hadoop"
#define VERSION "1.0.0"
#define HAVE_DLFCN_H 1
#define HAVE_LIBDL 1
#define HAVE_LIBJVM 1
#define STDC_HEADERS 1
#define HAVE_STDIO_H 1
#define HAVE_STDDEF_H 1
#define HAVE_JNI_H 1
#define HAVE_ZLIB_H 1
#define HADOOP_ZLIB_LIBRARY "libz.so.1"
#define HAVE_ZCONF_H 1
#define HADOOP_ZLIB_LIBRARY "libz.so.1"
#define HAVE_FCNTL_H 1
#define HAVE_STDLIB_H 1
#define HAVE_STRING_H 1
#define HAVE_UNISTD_H 1
#define HAVE_FCNTL_H 1
#define HAVE_FCNTL_H 1
#define HAVE_DECL_STRERROR_R 1

configure: exit 0
